{
  message: '❌ Fallo la conexion a Mongodb: The `uri` parameter to `openUri()` must be a string, got "undefined". Make sure the first parameter to `mongoose.connect()` or `mongoose.createConnection()` is a string.',
  level: 'error',
  timestamp: '07-11-2023 21:47:39'
}
{
  message: 'Intentando a la conexion en 20 seg',
  level: 'error',
  timestamp: '07-11-2023 21:47:39'
}
{
  message: '❌ Fallo la conexion a Mongodb: The `uri` parameter to `openUri()` must be a string, got "undefined". Make sure the first parameter to `mongoose.connect()` or `mongoose.createConnection()` is a string.',
  level: 'error',
  timestamp: '07-11-2023 21:47:59'
}
{
  message: 'Intentando a la conexion en 20 seg',
  level: 'error',
  timestamp: '07-11-2023 21:47:59'
}
{
  message: '❌ Fallo la conexion a Mongodb: The `uri` parameter to `openUri()` must be a string, got "undefined". Make sure the first parameter to `mongoose.connect()` or `mongoose.createConnection()` is a string.',
  level: 'error',
  timestamp: '07-11-2023 21:48:19'
}
{
  message: 'Intentando a la conexion en 20 seg',
  level: 'error',
  timestamp: '07-11-2023 21:48:19'
}
{
  message: '❌ Fallo la conexion a Mongodb: The `uri` parameter to `openUri()` must be a string, got "undefined". Make sure the first parameter to `mongoose.connect()` or `mongoose.createConnection()` is a string.',
  level: 'error',
  timestamp: '07-11-2023 21:48:39'
}
{
  message: 'Intentando a la conexion en 20 seg',
  level: 'error',
  timestamp: '07-11-2023 21:48:39'
}
{
  message: '❌ Fallo la conexion a Mongodb: The `uri` parameter to `openUri()` must be a string, got "undefined". Make sure the first parameter to `mongoose.connect()` or `mongoose.createConnection()` is a string.',
  level: 'error',
  timestamp: '07-11-2023 21:48:59'
}
{
  message: 'Intentando a la conexion en 20 seg',
  level: 'error',
  timestamp: '07-11-2023 21:48:59'
}
{
  message: '❌ Fallo la conexion a Mongodb: The `uri` parameter to `openUri()` must be a string, got "undefined". Make sure the first parameter to `mongoose.connect()` or `mongoose.createConnection()` is a string.',
  level: 'error',
  timestamp: '07-11-2023 21:49:19'
}
{
  message: 'Intentando a la conexion en 20 seg',
  level: 'error',
  timestamp: '07-11-2023 21:49:19'
}
{
  message: '❌ Fallo la conexion a Mongodb: The `uri` parameter to `openUri()` must be a string, got "undefined". Make sure the first parameter to `mongoose.connect()` or `mongoose.createConnection()` is a string.',
  level: 'error',
  timestamp: '07-11-2023 21:49:39'
}
{
  message: 'Intentando a la conexion en 20 seg',
  level: 'error',
  timestamp: '07-11-2023 21:49:39'
}
{
  message: '❌ Fallo la conexion a Mongodb: The `uri` parameter to `openUri()` must be a string, got "undefined". Make sure the first parameter to `mongoose.connect()` or `mongoose.createConnection()` is a string.',
  level: 'error',
  timestamp: '07-11-2023 21:49:59'
}
{
  message: 'Intentando a la conexion en 20 seg',
  level: 'error',
  timestamp: '07-11-2023 21:49:59'
}
{
  message: '❌ Fallo la conexion a Mongodb: The `uri` parameter to `openUri()` must be a string, got "undefined". Make sure the first parameter to `mongoose.connect()` or `mongoose.createConnection()` is a string.',
  level: 'error',
  timestamp: '07-11-2023 21:50:19'
}
{
  message: 'Intentando a la conexion en 20 seg',
  level: 'error',
  timestamp: '07-11-2023 21:50:19'
}
{
  message: '❌ Fallo la conexion a Mongodb: The `uri` parameter to `openUri()` must be a string, got "undefined". Make sure the first parameter to `mongoose.connect()` or `mongoose.createConnection()` is a string.',
  level: 'error',
  timestamp: '07-11-2023 21:50:39'
}
{
  message: 'Intentando a la conexion en 20 seg',
  level: 'error',
  timestamp: '07-11-2023 21:50:39'
}
{
  message: '❌ Fallo la conexion a Mongodb: The `uri` parameter to `openUri()` must be a string, got "undefined". Make sure the first parameter to `mongoose.connect()` or `mongoose.createConnection()` is a string.',
  level: 'error',
  timestamp: '07-11-2023 21:50:59'
}
{
  message: 'Intentando a la conexion en 20 seg',
  level: 'error',
  timestamp: '07-11-2023 21:50:59'
}
{
  message: '❌ Fallo la conexion a Mongodb: The `uri` parameter to `openUri()` must be a string, got "undefined". Make sure the first parameter to `mongoose.connect()` or `mongoose.createConnection()` is a string.',
  level: 'error',
  timestamp: '07-11-2023 21:51:19'
}
{
  message: 'Intentando a la conexion en 20 seg',
  level: 'error',
  timestamp: '07-11-2023 21:51:19'
}
{
  message: '❌ Fallo la conexion a Mongodb: The `uri` parameter to `openUri()` must be a string, got "undefined". Make sure the first parameter to `mongoose.connect()` or `mongoose.createConnection()` is a string.',
  level: 'error',
  timestamp: '07-11-2023 21:51:39'
}
{
  message: 'Intentando a la conexion en 20 seg',
  level: 'error',
  timestamp: '07-11-2023 21:51:39'
}
{
  message: '❌ Fallo la conexion a Mongodb: The `uri` parameter to `openUri()` must be a string, got "undefined". Make sure the first parameter to `mongoose.connect()` or `mongoose.createConnection()` is a string.',
  level: 'error',
  timestamp: '07-11-2023 21:51:59'
}
{
  message: 'Intentando a la conexion en 20 seg',
  level: 'error',
  timestamp: '07-11-2023 21:51:59'
}
{
  message: '❌ Fallo la conexion a Mongodb: The `uri` parameter to `openUri()` must be a string, got "undefined". Make sure the first parameter to `mongoose.connect()` or `mongoose.createConnection()` is a string.',
  level: 'error',
  timestamp: '07-11-2023 21:52:19'
}
{
  message: 'Intentando a la conexion en 20 seg',
  level: 'error',
  timestamp: '07-11-2023 21:52:19'
}
{
  message: '❌ Fallo la conexion a Mongodb: The `uri` parameter to `openUri()` must be a string, got "undefined". Make sure the first parameter to `mongoose.connect()` or `mongoose.createConnection()` is a string.',
  level: 'error',
  timestamp: '07-11-2023 21:52:39'
}
{
  message: 'Intentando a la conexion en 20 seg',
  level: 'error',
  timestamp: '07-11-2023 21:52:39'
}
{
  message: '❌ Fallo la conexion a Mongodb: The `uri` parameter to `openUri()` must be a string, got "undefined". Make sure the first parameter to `mongoose.connect()` or `mongoose.createConnection()` is a string.',
  level: 'error',
  timestamp: '07-11-2023 21:52:59'
}
{
  message: 'Intentando a la conexion en 20 seg',
  level: 'error',
  timestamp: '07-11-2023 21:52:59'
}
{
  message: '❌ Fallo la conexion a Mongodb: The `uri` parameter to `openUri()` must be a string, got "undefined". Make sure the first parameter to `mongoose.connect()` or `mongoose.createConnection()` is a string.',
  level: 'error',
  timestamp: '07-11-2023 21:53:19'
}
{
  message: 'Intentando a la conexion en 20 seg',
  level: 'error',
  timestamp: '07-11-2023 21:53:19'
}
{
  message: '❌ Fallo la conexion a Mongodb: The `uri` parameter to `openUri()` must be a string, got "undefined". Make sure the first parameter to `mongoose.connect()` or `mongoose.createConnection()` is a string.',
  level: 'error',
  timestamp: '07-11-2023 21:53:39'
}
{
  message: 'Intentando a la conexion en 20 seg',
  level: 'error',
  timestamp: '07-11-2023 21:53:39'
}
{
  message: '❌ Fallo la conexion a Mongodb: The `uri` parameter to `openUri()` must be a string, got "undefined". Make sure the first parameter to `mongoose.connect()` or `mongoose.createConnection()` is a string.',
  level: 'error',
  timestamp: '07-11-2023 21:53:59'
}
{
  message: 'Intentando a la conexion en 20 seg',
  level: 'error',
  timestamp: '07-11-2023 21:53:59'
}
{
  message: '❌ Fallo la conexion a Mongodb: The `uri` parameter to `openUri()` must be a string, got "undefined". Make sure the first parameter to `mongoose.connect()` or `mongoose.createConnection()` is a string.',
  level: 'error',
  timestamp: '07-11-2023 21:54:19'
}
{
  message: 'Intentando a la conexion en 20 seg',
  level: 'error',
  timestamp: '07-11-2023 21:54:19'
}
{
  message: '❌ Fallo la conexion a Mongodb: The `uri` parameter to `openUri()` must be a string, got "undefined". Make sure the first parameter to `mongoose.connect()` or `mongoose.createConnection()` is a string.',
  level: 'error',
  timestamp: '07-11-2023 21:54:39'
}
{
  message: 'Intentando a la conexion en 20 seg',
  level: 'error',
  timestamp: '07-11-2023 21:54:39'
}
{
  message: '❌ Fallo la conexion a Mongodb: The `uri` parameter to `openUri()` must be a string, got "undefined". Make sure the first parameter to `mongoose.connect()` or `mongoose.createConnection()` is a string.',
  level: 'error',
  timestamp: '07-11-2023 21:54:59'
}
{
  message: 'Intentando a la conexion en 20 seg',
  level: 'error',
  timestamp: '07-11-2023 21:54:59'
}
{
  message: '❌ Fallo la conexion a Mongodb: The `uri` parameter to `openUri()` must be a string, got "undefined". Make sure the first parameter to `mongoose.connect()` or `mongoose.createConnection()` is a string.',
  level: 'error',
  timestamp: '07-11-2023 21:55:19'
}
{
  message: 'Intentando a la conexion en 20 seg',
  level: 'error',
  timestamp: '07-11-2023 21:55:19'
}
{
  message: '❌ Fallo la conexion a Mongodb: The `uri` parameter to `openUri()` must be a string, got "undefined". Make sure the first parameter to `mongoose.connect()` or `mongoose.createConnection()` is a string.',
  level: 'error',
  timestamp: '07-11-2023 21:55:39'
}
{
  message: 'Intentando a la conexion en 20 seg',
  level: 'error',
  timestamp: '07-11-2023 21:55:39'
}
{
  message: '❌ Fallo la conexion a Mongodb: The `uri` parameter to `openUri()` must be a string, got "undefined". Make sure the first parameter to `mongoose.connect()` or `mongoose.createConnection()` is a string.',
  level: 'error',
  timestamp: '07-11-2023 21:55:59'
}
{
  message: 'Intentando a la conexion en 20 seg',
  level: 'error',
  timestamp: '07-11-2023 21:55:59'
}
{
  message: '❌ Fallo la conexion a Mongodb: The `uri` parameter to `openUri()` must be a string, got "undefined". Make sure the first parameter to `mongoose.connect()` or `mongoose.createConnection()` is a string.',
  level: 'error',
  timestamp: '07-11-2023 21:56:19'
}
{
  message: 'Intentando a la conexion en 20 seg',
  level: 'error',
  timestamp: '07-11-2023 21:56:19'
}
{
  message: '❌ Fallo la conexion a Mongodb: The `uri` parameter to `openUri()` must be a string, got "undefined". Make sure the first parameter to `mongoose.connect()` or `mongoose.createConnection()` is a string.',
  level: 'error',
  timestamp: '07-11-2023 21:56:39'
}
{
  message: 'Intentando a la conexion en 20 seg',
  level: 'error',
  timestamp: '07-11-2023 21:56:39'
}
{
  message: '❌ Fallo la conexion a Mongodb: The `uri` parameter to `openUri()` must be a string, got "undefined". Make sure the first parameter to `mongoose.connect()` or `mongoose.createConnection()` is a string.',
  level: 'error',
  timestamp: '07-11-2023 21:56:59'
}
{
  message: 'Intentando a la conexion en 20 seg',
  level: 'error',
  timestamp: '07-11-2023 21:56:59'
}
{
  message: '❌ Fallo la conexion a Mongodb: The `uri` parameter to `openUri()` must be a string, got "undefined". Make sure the first parameter to `mongoose.connect()` or `mongoose.createConnection()` is a string.',
  level: 'error',
  timestamp: '07-11-2023 21:57:19'
}
{
  message: 'Intentando a la conexion en 20 seg',
  level: 'error',
  timestamp: '07-11-2023 21:57:19'
}
{
  message: '❌ Fallo la conexion a Mongodb: The `uri` parameter to `openUri()` must be a string, got "undefined". Make sure the first parameter to `mongoose.connect()` or `mongoose.createConnection()` is a string.',
  level: 'error',
  timestamp: '07-11-2023 21:57:39'
}
{
  message: 'Intentando a la conexion en 20 seg',
  level: 'error',
  timestamp: '07-11-2023 21:57:39'
}
