{"level":"info","message":"The server is created from the express instance","timestamp":"11-10-2023 21:50:25"}
{"level":"info","message":"⭐⭐ Listening on undefined:3000 ⭐⭐","timestamp":"11-10-2023 21:50:26"}
{"level":"info","message":"The server is created from the express instance","timestamp":"11-10-2023 22:15:23"}
{"level":"info","message":"⭐⭐ Listening on undefined:3000 ⭐⭐","timestamp":"11-10-2023 22:15:24"}
{"level":"info","message":"GET / 200 16.871 ms - 764\n","timestamp":"11-10-2023 22:15:27"}
{"level":"info","message":"GET /favicon.png 200 1.692 ms - 1747\n","timestamp":"11-10-2023 22:15:28"}
{"level":"info","message":"GET / 304 3.971 ms - -\n","timestamp":"11-10-2023 22:31:59"}
{"level":"info","message":"GET /favicon.png 304 3.463 ms - -\n","timestamp":"11-10-2023 22:32:00"}
{"level":"info","message":"GET / 304 3.573 ms - -\n","timestamp":"11-10-2023 22:32:08"}
{"level":"info","message":"GET /favicon.png 304 3.075 ms - -\n","timestamp":"11-10-2023 22:32:09"}
{"level":"info","message":"GET / 304 3.545 ms - -\n","timestamp":"11-10-2023 22:32:19"}
{"level":"info","message":"GET /favicon.png 304 0.333 ms - -\n","timestamp":"11-10-2023 22:32:20"}
{"level":"info","message":"GET / 304 3.152 ms - -\n","timestamp":"11-10-2023 22:32:33"}
{"level":"info","message":"GET /favicon.png 304 4.697 ms - -\n","timestamp":"11-10-2023 22:32:34"}
{"level":"info","message":"GET / 304 5.814 ms - -\n","timestamp":"11-10-2023 22:32:39"}
{"level":"info","message":"GET /favicon.png 304 3.831 ms - -\n","timestamp":"11-10-2023 22:32:39"}
{"level":"info","message":"GET / 304 2.310 ms - -\n","timestamp":"11-10-2023 22:32:41"}
{"level":"info","message":"GET /favicon.png 304 0.365 ms - -\n","timestamp":"11-10-2023 22:32:41"}
{"level":"info","message":"GET / 304 3.664 ms - -\n","timestamp":"11-10-2023 22:32:46"}
{"level":"info","message":"GET /favicon.png 304 3.739 ms - -\n","timestamp":"11-10-2023 22:32:47"}
{"level":"info","message":"GET / 304 5.193 ms - -\n","timestamp":"11-10-2023 22:32:52"}
{"level":"info","message":"GET /favicon.png 304 4.057 ms - -\n","timestamp":"11-10-2023 22:32:53"}
{"level":"info","message":"GET / 304 2.731 ms - -\n","timestamp":"11-10-2023 22:32:54"}
{"level":"info","message":"GET /favicon.png 304 0.397 ms - -\n","timestamp":"11-10-2023 22:32:55"}
{"level":"info","message":"GET / 304 2.278 ms - -\n","timestamp":"11-10-2023 22:33:00"}
{"level":"info","message":"GET /favicon.png 304 0.371 ms - -\n","timestamp":"11-10-2023 22:33:00"}
{"level":"info","message":"GET / 304 3.270 ms - -\n","timestamp":"11-10-2023 22:33:05"}
{"level":"info","message":"GET /favicon.png 304 0.293 ms - -\n","timestamp":"11-10-2023 22:33:06"}
{"level":"info","message":"GET / 304 2.169 ms - -\n","timestamp":"11-10-2023 22:33:10"}
{"level":"info","message":"GET /favicon.png 304 2.002 ms - -\n","timestamp":"11-10-2023 22:33:11"}
{"level":"info","message":"GET / 304 2.766 ms - -\n","timestamp":"11-10-2023 22:33:37"}
{"level":"info","message":"GET /favicon.png 304 0.253 ms - -\n","timestamp":"11-10-2023 22:33:38"}
